* using log directory 'C:/Users/KRC/Desktop/RForge/umpire/pkg/Umpire.Rcheck'
* using R version 4.2.1 (2022-06-23 ucrt)
* using platform: x86_64-w64-mingw32 (64-bit)
* using session charset: UTF-8
* using option '--as-cran'
* checking for file 'Umpire/DESCRIPTION' ... OK
* this is package 'Umpire' version '2.0.10'
* checking CRAN incoming feasibility ... WARNING
Maintainer: 'Kevin R. Coombes <krc@silicovore.com>'

Insufficient package version (submitted: 2.0.10, existing: 2.0.10)

The Date field is over a month old.
* checking package namespace information ... OK
* checking package dependencies ... OK
* checking if this is a source package ... OK
* checking if there is a namespace ... OK
* checking for executable files ... OK
* checking for hidden files and directories ... OK
* checking for portable file names ... OK
* checking serialization versions ... OK
* checking whether package 'Umpire' can be installed ... OK
* checking installed package size ... OK
* checking package directory ... OK
* checking for future file timestamps ... OK
* checking 'build' directory ... OK
* checking DESCRIPTION meta-information ... OK
* checking top-level files ... OK
* checking for left-over files ... OK
* checking index information ... OK
* checking package subdirectories ... OK
* checking R files for non-ASCII characters ... OK
* checking R files for syntax errors ... OK
* checking whether the package can be loaded ... OK
* checking whether the package can be loaded with stated dependencies ... OK
* checking whether the package can be unloaded cleanly ... OK
* checking whether the namespace can be loaded with stated dependencies ... OK
* checking whether the namespace can be unloaded cleanly ... OK
* checking use of S3 registration ... OK
* checking dependencies in R code ... OK
* checking S3 generic/method consistency ... OK
* checking replacement functions ... OK
* checking foreign function calls ... OK
* checking R code for possible problems ... OK
* checking Rd files ... OK
* checking Rd metadata ... OK
* checking Rd line widths ... OK
* checking Rd cross-references ... OK
* checking for missing documentation entries ... OK
* checking for code/documentation mismatches ... OK
* checking Rd \usage sections ... OK
* checking Rd contents ... OK
* checking for unstated dependencies in examples ... OK
* checking sizes of PDF files under 'inst/doc' ... OK
* checking installed files from 'inst/doc' ... OK
* checking files in 'vignettes' ... OK
* checking examples ... OK
* checking for unstated dependencies in 'tests' ... OK
* checking tests ... OK
  Running 't01-indNormal.R'
  Comparing 't01-indNormal.Rout' to 't01-indNormal.Rout.save' ... OK
  Running 't02-1-engine.R'
  Comparing 't02-1-engine.Rout' to 't02-1-engine.Rout.save' ... OK
  Running 't02-indLogNorm.R'
  Comparing 't02-indLogNorm.Rout' to 't02-indLogNorm.Rout.save' ... OK
  Running 't03-mvn.R'
  Comparing 't03-mvn.Rout' to 't03-mvn.Rout.save' ... OK
  Running 't05-noise.R'
  Comparing 't05-noise.Rout' to 't05-noise.Rout.save' ... OK
  Running 't06-engineAct.R'
  Comparing 't06-engineAct.Rout' to 't06-engineAct.Rout.save' ... OK
  Running 't07-cancerModel.R'
  Comparing 't07-cancerModel.Rout' to 't07-cancerModel.Rout.save' ... OK
  Running 't08-cancerEngine.R'
  Comparing 't08-cancerEngine.Rout' to 't08-cancerEngine.Rout.save' ... OK
  Running 't20-mixed.R'
  Running 't21-setDT.R'
  Running 't22-survModel.R'
  Running 't23-altMTE.R'
* checking for unstated dependencies in vignettes ... OK
* checking package vignettes in 'inst/doc' ... OK
* checking re-building of vignette outputs ... OK
* checking PDF version of manual ... OK
* skipping checking HTML version of manual: no command 'tidy' found
* checking for non-standard things in the check directory ... OK
* checking for detritus in the temp directory ... OK
* DONE
Status: 1 WARNING
